

> @edgeloop/ui@0.1.0 typecheck /home/runner/work/edgeloop/edgeloop/packages/ui
> tsc --noEmit

[96msrc/backtesting-ui.tsx[0m:[93m4[0m:[93m26[0m - [91merror[0m[90m TS2307: [0mCannot find module '@tanstack/react-query' or its corresponding type declarations.

[7m4[0m import { useQuery } from '@tanstack/react-query'
[7m [0m [91m                         ~~~~~~~~~~~~~~~~~~~~~~~[0m

[96msrc/backtesting-ui.tsx[0m:[93m5[0m:[93m10[0m - [91merror[0m[90m TS2305: [0mModule '"./cards"' has no exported member 'Card'.

[7m5[0m import { Card, CardContent, CardDescription, CardHeader, CardTitle } from './cards'
[7m [0m [91m         ~~~~[0m

[96msrc/backtesting-ui.tsx[0m:[93m5[0m:[93m16[0m - [91merror[0m[90m TS2305: [0mModule '"./cards"' has no exported member 'CardContent'.

[7m5[0m import { Card, CardContent, CardDescription, CardHeader, CardTitle } from './cards'
[7m [0m [91m               ~~~~~~~~~~~[0m

[96msrc/backtesting-ui.tsx[0m:[93m5[0m:[93m29[0m - [91merror[0m[90m TS2305: [0mModule '"./cards"' has no exported member 'CardDescription'.

[7m5[0m import { Card, CardContent, CardDescription, CardHeader, CardTitle } from './cards'
[7m [0m [91m                            ~~~~~~~~~~~~~~~[0m

[96msrc/backtesting-ui.tsx[0m:[93m5[0m:[93m46[0m - [91merror[0m[90m TS2305: [0mModule '"./cards"' has no exported member 'CardHeader'.

[7m5[0m import { Card, CardContent, CardDescription, CardHeader, CardTitle } from './cards'
[7m [0m [91m                                             ~~~~~~~~~~[0m

[96msrc/backtesting-ui.tsx[0m:[93m5[0m:[93m58[0m - [91merror[0m[90m TS2305: [0mModule '"./cards"' has no exported member 'CardTitle'.

[7m5[0m import { Card, CardContent, CardDescription, CardHeader, CardTitle } from './cards'
[7m [0m [91m                                                         ~~~~~~~~~[0m

[96msrc/bet-slip.tsx[0m:[93m4[0m:[93m10[0m - [91merror[0m[90m TS2305: [0mModule '"@edgeloop/ui/cards"' has no exported member 'Card'.

[7m4[0m import { Card, CardContent, CardDescription, CardHeader, CardTitle } from '@edgeloop/ui/cards'
[7m [0m [91m         ~~~~[0m

[96msrc/bet-slip.tsx[0m:[93m4[0m:[93m16[0m - [91merror[0m[90m TS2305: [0mModule '"@edgeloop/ui/cards"' has no exported member 'CardContent'.

[7m4[0m import { Card, CardContent, CardDescription, CardHeader, CardTitle } from '@edgeloop/ui/cards'
[7m [0m [91m               ~~~~~~~~~~~[0m

[96msrc/bet-slip.tsx[0m:[93m4[0m:[93m29[0m - [91merror[0m[90m TS2305: [0mModule '"@edgeloop/ui/cards"' has no exported member 'CardDescription'.

[7m4[0m import { Card, CardContent, CardDescription, CardHeader, CardTitle } from '@edgeloop/ui/cards'
[7m [0m [91m                            ~~~~~~~~~~~~~~~[0m

[96msrc/bet-slip.tsx[0m:[93m4[0m:[93m46[0m - [91merror[0m[90m TS2305: [0mModule '"@edgeloop/ui/cards"' has no exported member 'CardHeader'.

[7m4[0m import { Card, CardContent, CardDescription, CardHeader, CardTitle } from '@edgeloop/ui/cards'
[7m [0m [91m                                             ~~~~~~~~~~[0m

[96msrc/bet-slip.tsx[0m:[93m4[0m:[93m58[0m - [91merror[0m[90m TS2305: [0mModule '"@edgeloop/ui/cards"' has no exported member 'CardTitle'.

[7m4[0m import { Card, CardContent, CardDescription, CardHeader, CardTitle } from '@edgeloop/ui/cards'
[7m [0m [91m                                                         ~~~~~~~~~[0m

[96msrc/bet-slip.tsx[0m:[93m6[0m:[93m45[0m - [91merror[0m[90m TS2307: [0mCannot find module '@edgeloop/ml' or its corresponding type declarations.

[7m6[0m import { calculateKelly, calculateEV } from '@edgeloop/ml'
[7m [0m [91m                                            ~~~~~~~~~~~~~~[0m

[96msrc/index.ts[0m:[93m38[0m:[93m1[0m - [91merror[0m[90m TS2308: [0mModule './broadcast' has already exported a member named 'ScoreBug'. Consider explicitly re-exporting to resolve the ambiguity.

[7m38[0m export * from './nfl'
[7m  [0m [91m~~~~~~~~~~~~~~~~~~~~~[0m

[96msrc/index.ts[0m:[93m38[0m:[93m1[0m - [91merror[0m[90m TS2308: [0mModule './broadcast' has already exported a member named 'ScoreBugProps'. Consider explicitly re-exporting to resolve the ambiguity.

[7m38[0m export * from './nfl'
[7m  [0m [91m~~~~~~~~~~~~~~~~~~~~~[0m

[96msrc/index.ts[0m:[93m38[0m:[93m1[0m - [91merror[0m[90m TS2308: [0mModule './types' has already exported a member named 'Team'. Consider explicitly re-exporting to resolve the ambiguity.

[7m38[0m export * from './nfl'
[7m  [0m [91m~~~~~~~~~~~~~~~~~~~~~[0m

[96msrc/nfl/drive-timeline.tsx[0m:[93m4[0m:[93m24[0m - [91merror[0m[90m TS2307: [0mCannot find module '@react-three/fiber' or its corresponding type declarations.

[7m4[0m import { Canvas } from '@react-three/fiber'
[7m [0m [91m                       ~~~~~~~~~~~~~~~~~~~~[0m

[96msrc/nfl/drive-timeline.tsx[0m:[93m5[0m:[93m56[0m - [91merror[0m[90m TS2307: [0mCannot find module '@react-three/drei' or its corresponding type declarations.

[7m5[0m import { OrbitControls, PerspectiveCamera, Html } from '@react-three/drei'
[7m [0m [91m                                                       ~~~~~~~~~~~~~~~~~~~[0m

[96msrc/nfl/drive-timeline.tsx[0m:[93m87[0m:[93m9[0m - [91merror[0m[90m TS2339: [0mProperty 'ambientLight' does not exist on type 'JSX.IntrinsicElements'.

[7m87[0m         <ambientLight intensity={0.4} />
[7m  [0m [91m        ~~~~~~~~~~~~~~~~~~~~~~~~~~~~~~~~[0m

[96msrc/nfl/drive-timeline.tsx[0m:[93m88[0m:[93m9[0m - [91merror[0m[90m TS2339: [0mProperty 'directionalLight' does not exist on type 'JSX.IntrinsicElements'.

[7m88[0m         <directionalLight position={[10, 20, 5]} intensity={1} castShadow />
[7m  [0m [91m        ~~~~~~~~~~~~~~~~~~~~~~~~~~~~~~~~~~~~~~~~~~~~~~~~~~~~~~~~~~~~~~~~~~~~[0m

[96msrc/nfl/drive-timeline.tsx[0m:[93m89[0m:[93m9[0m - [91merror[0m[90m TS2339: [0mProperty 'spotLight' does not exist on type 'JSX.IntrinsicElements'.

[7m89[0m         <spotLight position={[0, 50, 0]} intensity={0.5} angle={0.3} penumbra={1} castShadow />
[7m  [0m [91m        ~~~~~~~~~~~~~~~~~~~~~~~~~~~~~~~~~~~~~~~~~~~~~~~~~~~~~~~~~~~~~~~~~~~~~~~~~~~~~~~~~~~~~~~[0m

[96msrc/nfl/drive-timeline.tsx[0m:[93m112[0m:[93m5[0m - [91merror[0m[90m TS2339: [0mProperty 'group' does not exist on type 'JSX.IntrinsicElements'.

[7m112[0m     <group>
[7m   [0m [91m    ~~~~~~~[0m

[96msrc/nfl/drive-timeline.tsx[0m:[93m114[0m:[93m7[0m - [91merror[0m[90m TS2339: [0mProperty 'mesh' does not exist on type 'JSX.IntrinsicElements'.

[7m114[0m       <mesh rotation={[-Math.PI / 2, 0, 0]} receiveShadow>
[7m   [0m [91m      ~~~~~~~~~~~~~~~~~~~~~~~~~~~~~~~~~~~~~~~~~~~~~~~~~~~~[0m

[96msrc/nfl/drive-timeline.tsx[0m:[93m115[0m:[93m9[0m - [91merror[0m[90m TS2339: [0mProperty 'planeGeometry' does not exist on type 'JSX.IntrinsicElements'.

[7m115[0m         <planeGeometry args={[100, 50]} />
[7m   [0m [91m        ~~~~~~~~~~~~~~~~~~~~~~~~~~~~~~~~~~[0m

[96msrc/nfl/drive-timeline.tsx[0m:[93m116[0m:[93m9[0m - [91merror[0m[90m TS2339: [0mProperty 'meshStandardMaterial' does not exist on type 'JSX.IntrinsicElements'.

[7m116[0m         <meshStandardMaterial color="#2d5016" />
[7m   [0m [91m        ~~~~~~~~~~~~~~~~~~~~~~~~~~~~~~~~~~~~~~~~[0m

[96msrc/nfl/drive-timeline.tsx[0m:[93m117[0m:[93m7[0m - [91merror[0m[90m TS2339: [0mProperty 'mesh' does not exist on type 'JSX.IntrinsicElements'.

[7m117[0m       </mesh>
[7m   [0m [91m      ~~~~~~~[0m

[96msrc/nfl/drive-timeline.tsx[0m:[93m123[0m:[93m11[0m - [91merror[0m[90m TS2339: [0mProperty 'group' does not exist on type 'JSX.IntrinsicElements'.

[7m123[0m           <group key={i}>
[7m   [0m [91m          ~~~~~~~~~~~~~~~[0m

[96msrc/nfl/drive-timeline.tsx[0m:[93m125[0m:[93m13[0m - [91merror[0m[90m TS2339: [0mProperty 'mesh' does not exist on type 'JSX.IntrinsicElements'.

[7m125[0m             <mesh position={[(i - 5) * 10, 0.01, 0]} rotation={[-Math.PI / 2, 0, 0]}>
[7m   [0m [91m            ~~~~~~~~~~~~~~~~~~~~~~~~~~~~~~~~~~~~~~~~~~~~~~~~~~~~~~~~~~~~~~~~~~~~~~~~~[0m

[96msrc/nfl/drive-timeline.tsx[0m:[93m126[0m:[93m15[0m - [91merror[0m[90m TS2339: [0mProperty 'planeGeometry' does not exist on type 'JSX.IntrinsicElements'.

[7m126[0m               <planeGeometry args={[0.3, 50]} />
[7m   [0m [91m              ~~~~~~~~~~~~~~~~~~~~~~~~~~~~~~~~~~[0m

[96msrc/nfl/drive-timeline.tsx[0m:[93m127[0m:[93m15[0m - [91merror[0m[90m TS2339: [0mProperty 'meshBasicMaterial' does not exist on type 'JSX.IntrinsicElements'.

[7m127[0m               <meshBasicMaterial color="white" />
[7m   [0m [91m              ~~~~~~~~~~~~~~~~~~~~~~~~~~~~~~~~~~~[0m

[96msrc/nfl/drive-timeline.tsx[0m:[93m128[0m:[93m13[0m - [91merror[0m[90m TS2339: [0mProperty 'mesh' does not exist on type 'JSX.IntrinsicElements'.

[7m128[0m             </mesh>
[7m   [0m [91m            ~~~~~~~[0m

[96msrc/nfl/drive-timeline.tsx[0m:[93m136[0m:[93m11[0m - [91merror[0m[90m TS2339: [0mProperty 'group' does not exist on type 'JSX.IntrinsicElements'.

[7m136[0m           </group>
[7m   [0m [91m          ~~~~~~~~[0m

[96msrc/nfl/drive-timeline.tsx[0m:[93m142[0m:[93m9[0m - [91merror[0m[90m TS2339: [0mProperty 'mesh' does not exist on type 'JSX.IntrinsicElements'.

[7m142[0m         <mesh key={i} position={[(i - 49) * 1, 0.01, 0]} rotation={[-Math.PI / 2, 0, 0]}>
[7m   [0m [91m        ~~~~~~~~~~~~~~~~~~~~~~~~~~~~~~~~~~~~~~~~~~~~~~~~~~~~~~~~~~~~~~~~~~~~~~~~~~~~~~~~~[0m

[96msrc/nfl/drive-timeline.tsx[0m:[93m143[0m:[93m11[0m - [91merror[0m[90m TS2339: [0mProperty 'planeGeometry' does not exist on type 'JSX.IntrinsicElements'.

[7m143[0m           <planeGeometry args={[0.1, 1]} />
[7m   [0m [91m          ~~~~~~~~~~~~~~~~~~~~~~~~~~~~~~~~~[0m

[96msrc/nfl/drive-timeline.tsx[0m:[93m144[0m:[93m11[0m - [91merror[0m[90m TS2339: [0mProperty 'meshBasicMaterial' does not exist on type 'JSX.IntrinsicElements'.

[7m144[0m           <meshBasicMaterial color="white" opacity={0.3} transparent />
[7m   [0m [91m          ~~~~~~~~~~~~~~~~~~~~~~~~~~~~~~~~~~~~~~~~~~~~~~~~~~~~~~~~~~~~~[0m

[96msrc/nfl/drive-timeline.tsx[0m:[93m145[0m:[93m9[0m - [91merror[0m[90m TS2339: [0mProperty 'mesh' does not exist on type 'JSX.IntrinsicElements'.

[7m145[0m         </mesh>
[7m   [0m [91m        ~~~~~~~[0m

[96msrc/nfl/drive-timeline.tsx[0m:[93m149[0m:[93m7[0m - [91merror[0m[90m TS2339: [0mProperty 'mesh' does not exist on type 'JSX.IntrinsicElements'.

[7m149[0m       <mesh position={[-55, 0.005, 0]} rotation={[-Math.PI / 2, 0, 0]}>
[7m   [0m [91m      ~~~~~~~~~~~~~~~~~~~~~~~~~~~~~~~~~~~~~~~~~~~~~~~~~~~~~~~~~~~~~~~~~[0m

[96msrc/nfl/drive-timeline.tsx[0m:[93m150[0m:[93m9[0m - [91merror[0m[90m TS2339: [0mProperty 'planeGeometry' does not exist on type 'JSX.IntrinsicElements'.

[7m150[0m         <planeGeometry args={[10, 50]} />
[7m   [0m [91m        ~~~~~~~~~~~~~~~~~~~~~~~~~~~~~~~~~[0m

[96msrc/nfl/drive-timeline.tsx[0m:[93m151[0m:[93m9[0m - [91merror[0m[90m TS2339: [0mProperty 'meshStandardMaterial' does not exist on type 'JSX.IntrinsicElements'.

[7m151[0m         <meshStandardMaterial color="#013369" opacity={0.3} transparent />
[7m   [0m [91m        ~~~~~~~~~~~~~~~~~~~~~~~~~~~~~~~~~~~~~~~~~~~~~~~~~~~~~~~~~~~~~~~~~~[0m

[96msrc/nfl/drive-timeline.tsx[0m:[93m152[0m:[93m7[0m - [91merror[0m[90m TS2339: [0mProperty 'mesh' does not exist on type 'JSX.IntrinsicElements'.

[7m152[0m       </mesh>
[7m   [0m [91m      ~~~~~~~[0m

[96msrc/nfl/drive-timeline.tsx[0m:[93m153[0m:[93m7[0m - [91merror[0m[90m TS2339: [0mProperty 'mesh' does not exist on type 'JSX.IntrinsicElements'.

[7m153[0m       <mesh position={[55, 0.005, 0]} rotation={[-Math.PI / 2, 0, 0]}>
[7m   [0m [91m      ~~~~~~~~~~~~~~~~~~~~~~~~~~~~~~~~~~~~~~~~~~~~~~~~~~~~~~~~~~~~~~~~[0m

[96msrc/nfl/drive-timeline.tsx[0m:[93m154[0m:[93m9[0m - [91merror[0m[90m TS2339: [0mProperty 'planeGeometry' does not exist on type 'JSX.IntrinsicElements'.

[7m154[0m         <planeGeometry args={[10, 50]} />
[7m   [0m [91m        ~~~~~~~~~~~~~~~~~~~~~~~~~~~~~~~~~[0m

[96msrc/nfl/drive-timeline.tsx[0m:[93m155[0m:[93m9[0m - [91merror[0m[90m TS2339: [0mProperty 'meshStandardMaterial' does not exist on type 'JSX.IntrinsicElements'.

[7m155[0m         <meshStandardMaterial color="#D50A0A" opacity={0.3} transparent />
[7m   [0m [91m        ~~~~~~~~~~~~~~~~~~~~~~~~~~~~~~~~~~~~~~~~~~~~~~~~~~~~~~~~~~~~~~~~~~[0m

[96msrc/nfl/drive-timeline.tsx[0m:[93m156[0m:[93m7[0m - [91merror[0m[90m TS2339: [0mProperty 'mesh' does not exist on type 'JSX.IntrinsicElements'.

[7m156[0m       </mesh>
[7m   [0m [91m      ~~~~~~~[0m

[96msrc/nfl/drive-timeline.tsx[0m:[93m157[0m:[93m5[0m - [91merror[0m[90m TS2339: [0mProperty 'group' does not exist on type 'JSX.IntrinsicElements'.

[7m157[0m     </group>
[7m   [0m [91m    ~~~~~~~~[0m

[96msrc/nfl/drive-timeline.tsx[0m:[93m188[0m:[93m5[0m - [91merror[0m[90m TS2339: [0mProperty 'group' does not exist on type 'JSX.IntrinsicElements'.

[7m188[0m     <group position={[x, 1, 0]}>
[7m   [0m [91m    ~~~~~~~~~~~~~~~~~~~~~~~~~~~~[0m

[96msrc/nfl/drive-timeline.tsx[0m:[93m189[0m:[93m7[0m - [91merror[0m[90m TS2339: [0mProperty 'mesh' does not exist on type 'JSX.IntrinsicElements'.

[7m189[0m       <mesh
[7m   [0m [91m      ~~~~~[0m
[7m190[0m         ref={meshRef}
[7m   [0m [91m~~~~~~~~~~~~~~~~~~~~~[0m
[7m...[0m 
[7m193[0m         onPointerOut={() => (document.body.style.cursor = 'default')}
[7m   [0m [91m~~~~~~~~~~~~~~~~~~~~~~~~~~~~~~~~~~~~~~~~~~~~~~~~~~~~~~~~~~~~~~~~~~~~~[0m
[7m194[0m       >
[7m   [0m [91m~~~~~~~[0m

[96msrc/nfl/drive-timeline.tsx[0m:[93m195[0m:[93m9[0m - [91merror[0m[90m TS2339: [0mProperty 'sphereGeometry' does not exist on type 'JSX.IntrinsicElements'.

[7m195[0m         <sphereGeometry args={[0.8, 16, 16]} />
[7m   [0m [91m        ~~~~~~~~~~~~~~~~~~~~~~~~~~~~~~~~~~~~~~~[0m

[96msrc/nfl/drive-timeline.tsx[0m:[93m196[0m:[93m9[0m - [91merror[0m[90m TS2339: [0mProperty 'meshStandardMaterial' does not exist on type 'JSX.IntrinsicElements'.

[7m196[0m         <meshStandardMaterial
[7m   [0m [91m        ~~~~~~~~~~~~~~~~~~~~~[0m
[7m197[0m           color={color}
[7m   [0m [91m~~~~~~~~~~~~~~~~~~~~~~~[0m
[7m...[0m 
[7m201[0m           roughness={0.2}
[7m   [0m [91m~~~~~~~~~~~~~~~~~~~~~~~~~[0m
[7m202[0m         />
[7m   [0m [91m~~~~~~~~~~[0m

[96msrc/nfl/drive-timeline.tsx[0m:[93m203[0m:[93m7[0m - [91merror[0m[90m TS2339: [0mProperty 'mesh' does not exist on type 'JSX.IntrinsicElements'.

[7m203[0m       </mesh>
[7m   [0m [91m      ~~~~~~~[0m

[96msrc/nfl/drive-timeline.tsx[0m:[93m226[0m:[93m5[0m - [91merror[0m[90m TS2339: [0mProperty 'group' does not exist on type 'JSX.IntrinsicElements'.

[7m226[0m     </group>
[7m   [0m [91m    ~~~~~~~~[0m

[96msrc/nfl/reflective-card.tsx[0m:[93m4[0m:[93m24[0m - [91merror[0m[90m TS2307: [0mCannot find module '@react-three/fiber' or its corresponding type declarations.

[7m4[0m import { Canvas } from '@react-three/fiber'
[7m [0m [91m                       ~~~~~~~~~~~~~~~~~~~~[0m

[96msrc/nfl/reflective-card.tsx[0m:[93m5[0m:[93m80[0m - [91merror[0m[90m TS2307: [0mCannot find module '@react-three/drei' or its corresponding type declarations.

[7m5[0m import { PresentationControls, Environment, MeshReflectorMaterial, Text } from '@react-three/drei'
[7m [0m [91m                                                                               ~~~~~~~~~~~~~~~~~~~[0m

[96msrc/nfl/reflective-card.tsx[0m:[93m41[0m:[93m9[0m - [91merror[0m[90m TS2339: [0mProperty 'ambientLight' does not exist on type 'JSX.IntrinsicElements'.

[7m41[0m         <ambientLight intensity={0.5} />
[7m  [0m [91m        ~~~~~~~~~~~~~~~~~~~~~~~~~~~~~~~~[0m

[96msrc/nfl/reflective-card.tsx[0m:[93m42[0m:[93m9[0m - [91merror[0m[90m TS2339: [0mProperty 'spotLight' does not exist on type 'JSX.IntrinsicElements'.

[7m42[0m         <spotLight position={[10, 10, 10]} angle={0.15} penumbra={1} intensity={1} castShadow />
[7m  [0m [91m        ~~~~~~~~~~~~~~~~~~~~~~~~~~~~~~~~~~~~~~~~~~~~~~~~~~~~~~~~~~~~~~~~~~~~~~~~~~~~~~~~~~~~~~~~[0m

[96msrc/nfl/reflective-card.tsx[0m:[93m100[0m:[93m5[0m - [91merror[0m[90m TS2339: [0mProperty 'group' does not exist on type 'JSX.IntrinsicElements'.

[7m100[0m     <group>
[7m   [0m [91m    ~~~~~~~[0m

[96msrc/nfl/reflective-card.tsx[0m:[93m102[0m:[93m7[0m - [91merror[0m[90m TS2339: [0mProperty 'mesh' does not exist on type 'JSX.IntrinsicElements'.

[7m102[0m       <mesh castShadow>
[7m   [0m [91m      ~~~~~~~~~~~~~~~~~[0m

[96msrc/nfl/reflective-card.tsx[0m:[93m103[0m:[93m9[0m - [91merror[0m[90m TS2339: [0mProperty 'boxGeometry' does not exist on type 'JSX.IntrinsicElements'.

[7m103[0m         <boxGeometry args={[6, 8, 0.2]} />
[7m   [0m [91m        ~~~~~~~~~~~~~~~~~~~~~~~~~~~~~~~~~~[0m

[96msrc/nfl/reflective-card.tsx[0m:[93m104[0m:[93m9[0m - [91merror[0m[90m TS2339: [0mProperty 'meshPhysicalMaterial' does not exist on type 'JSX.IntrinsicElements'.

[7m104[0m         <meshPhysicalMaterial color={color} {...props} />
[7m   [0m [91m        ~~~~~~~~~~~~~~~~~~~~~~~~~~~~~~~~~~~~~~~~~~~~~~~~~[0m

[96msrc/nfl/reflective-card.tsx[0m:[93m105[0m:[93m7[0m - [91merror[0m[90m TS2339: [0mProperty 'mesh' does not exist on type 'JSX.IntrinsicElements'.

[7m105[0m       </mesh>
[7m   [0m [91m      ~~~~~~~[0m

[96msrc/nfl/reflective-card.tsx[0m:[93m108[0m:[93m7[0m - [91merror[0m[90m TS2339: [0mProperty 'mesh' does not exist on type 'JSX.IntrinsicElements'.

[7m108[0m       <mesh position={[0, 0, 0.15]} castShadow>
[7m   [0m [91m      ~~~~~~~~~~~~~~~~~~~~~~~~~~~~~~~~~~~~~~~~~[0m

[96msrc/nfl/reflective-card.tsx[0m:[93m109[0m:[93m9[0m - [91merror[0m[90m TS2339: [0mProperty 'boxGeometry' does not exist on type 'JSX.IntrinsicElements'.

[7m109[0m         <boxGeometry args={[5.8, 7.8, 0.1]} />
[7m   [0m [91m        ~~~~~~~~~~~~~~~~~~~~~~~~~~~~~~~~~~~~~~[0m

[96msrc/nfl/reflective-card.tsx[0m:[93m110[0m:[93m9[0m - [91merror[0m[90m TS2339: [0mProperty 'meshPhysicalMaterial' does not exist on type 'JSX.IntrinsicElements'.

[7m110[0m         <meshPhysicalMaterial color={color} {...props} opacity={0.8} transparent />
[7m   [0m [91m        ~~~~~~~~~~~~~~~~~~~~~~~~~~~~~~~~~~~~~~~~~~~~~~~~~~~~~~~~~~~~~~~~~~~~~~~~~~~[0m

[96msrc/nfl/reflective-card.tsx[0m:[93m111[0m:[93m7[0m - [91merror[0m[90m TS2339: [0mProperty 'mesh' does not exist on type 'JSX.IntrinsicElements'.

[7m111[0m       </mesh>
[7m   [0m [91m      ~~~~~~~[0m

[96msrc/nfl/reflective-card.tsx[0m:[93m155[0m:[93m7[0m - [91merror[0m[90m TS2339: [0mProperty 'mesh' does not exist on type 'JSX.IntrinsicElements'.

[7m155[0m       <mesh rotation={[-Math.PI / 2, 0, 0]} position={[0, -4.5, 0]} receiveShadow>
[7m   [0m [91m      ~~~~~~~~~~~~~~~~~~~~~~~~~~~~~~~~~~~~~~~~~~~~~~~~~~~~~~~~~~~~~~~~~~~~~~~~~~~~[0m

[96msrc/nfl/reflective-card.tsx[0m:[93m156[0m:[93m9[0m - [91merror[0m[90m TS2339: [0mProperty 'planeGeometry' does not exist on type 'JSX.IntrinsicElements'.

[7m156[0m         <planeGeometry args={[20, 20]} />
[7m   [0m [91m        ~~~~~~~~~~~~~~~~~~~~~~~~~~~~~~~~~[0m

[96msrc/nfl/reflective-card.tsx[0m:[93m169[0m:[93m7[0m - [91merror[0m[90m TS2339: [0mProperty 'mesh' does not exist on type 'JSX.IntrinsicElements'.

[7m169[0m       </mesh>
[7m   [0m [91m      ~~~~~~~[0m

[96msrc/nfl/reflective-card.tsx[0m:[93m170[0m:[93m5[0m - [91merror[0m[90m TS2339: [0mProperty 'group' does not exist on type 'JSX.IntrinsicElements'.

[7m170[0m     </group>
[7m   [0m [91m    ~~~~~~~~[0m

[96msrc/nfl/stadium-lights.tsx[0m:[93m4[0m:[93m36[0m - [91merror[0m[90m TS2307: [0mCannot find module '@react-three/fiber' or its corresponding type declarations.

[7m4[0m import { useThree, useFrame } from '@react-three/fiber'
[7m [0m [91m                                   ~~~~~~~~~~~~~~~~~~~~[0m

[96msrc/nfl/stadium-lights.tsx[0m:[93m5[0m:[93m24[0m - [91merror[0m[90m TS2307: [0mCannot find module 'three' or its corresponding type declarations.

[7m5[0m import * as THREE from 'three'
[7m [0m [91m                       ~~~~~~~[0m

[96msrc/nfl/stadium-lights.tsx[0m:[93m22[0m:[93m15[0m - [91merror[0m[90m TS7031: [0mBinding element 'clock' implicitly has an 'any' type.

[7m22[0m   useFrame(({ clock }) => {
[7m  [0m [91m              ~~~~~[0m

[96msrc/nfl/stadium-lights.tsx[0m:[93m61[0m:[93m5[0m - [91merror[0m[90m TS2339: [0mProperty 'group' does not exist on type 'JSX.IntrinsicElements'.

[7m61[0m     <group>
[7m  [0m [91m    ~~~~~~~[0m

[96msrc/nfl/stadium-lights.tsx[0m:[93m63[0m:[93m7[0m - [91merror[0m[90m TS2339: [0mProperty 'ambientLight' does not exist on type 'JSX.IntrinsicElements'.

[7m63[0m       <ambientLight intensity={config.ambient * intensity} color={color || config.color} />
[7m  [0m [91m      ~~~~~~~~~~~~~~~~~~~~~~~~~~~~~~~~~~~~~~~~~~~~~~~~~~~~~~~~~~~~~~~~~~~~~~~~~~~~~~~~~~~~~[0m

[96msrc/nfl/stadium-lights.tsx[0m:[93m66[0m:[93m7[0m - [91merror[0m[90m TS2339: [0mProperty 'directionalLight' does not exist on type 'JSX.IntrinsicElements'.

[7m 66[0m       <directionalLight
[7m   [0m [91m      ~~~~~~~~~~~~~~~~~[0m
[7m 67[0m         position={[20, 40, 10]}
[7m   [0m [91m~~~~~~~~~~~~~~~~~~~~~~~~~~~~~~~[0m
[7m...[0m 
[7m 77[0m         shadow-camera-bottom={-50}
[7m   [0m [91m~~~~~~~~~~~~~~~~~~~~~~~~~~~~~~~~~~[0m
[7m 78[0m       />
[7m   [0m [91m~~~~~~~~[0m

[96msrc/nfl/stadium-lights.tsx[0m:[93m115[0m:[93m7[0m - [91merror[0m[90m TS2339: [0mProperty 'pointLight' does not exist on type 'JSX.IntrinsicElements'.

[7m115[0m       <pointLight position={[-30, 20, 0]} intensity={0.3 * intensity} color={color || config.color} distance={80} />
[7m   [0m [91m      ~~~~~~~~~~~~~~~~~~~~~~~~~~~~~~~~~~~~~~~~~~~~~~~~~~~~~~~~~~~~~~~~~~~~~~~~~~~~~~~~~~~~~~~~~~~~~~~~~~~~~~~~~~~~~~[0m

[96msrc/nfl/stadium-lights.tsx[0m:[93m116[0m:[93m7[0m - [91merror[0m[90m TS2339: [0mProperty 'pointLight' does not exist on type 'JSX.IntrinsicElements'.

[7m116[0m       <pointLight position={[30, 20, 0]} intensity={0.3 * intensity} color={color || config.color} distance={80} />
[7m   [0m [91m      ~~~~~~~~~~~~~~~~~~~~~~~~~~~~~~~~~~~~~~~~~~~~~~~~~~~~~~~~~~~~~~~~~~~~~~~~~~~~~~~~~~~~~~~~~~~~~~~~~~~~~~~~~~~~~[0m

[96msrc/nfl/stadium-lights.tsx[0m:[93m119[0m:[93m7[0m - [91merror[0m[90m TS2339: [0mProperty 'spotLight' does not exist on type 'JSX.IntrinsicElements'.

[7m119[0m       <spotLight
[7m   [0m [91m      ~~~~~~~~~~[0m
[7m120[0m         position={[0, 30, 40]}
[7m   [0m [91m~~~~~~~~~~~~~~~~~~~~~~~~~~~~~~[0m
[7m...[0m 
[7m125[0m         castShadow
[7m   [0m [91m~~~~~~~~~~~~~~~~~~[0m
[7m126[0m       />
[7m   [0m [91m~~~~~~~~[0m

[96msrc/nfl/stadium-lights.tsx[0m:[93m127[0m:[93m5[0m - [91merror[0m[90m TS2339: [0mProperty 'group' does not exist on type 'JSX.IntrinsicElements'.

[7m127[0m     </group>
[7m   [0m [91m    ~~~~~~~~[0m

[96msrc/nfl/stadium-lights.tsx[0m:[93m140[0m:[93m5[0m - [91merror[0m[90m TS2339: [0mProperty 'pointLight' does not exist on type 'JSX.IntrinsicElements'.

[7m140[0m     <pointLight
[7m   [0m [91m    ~~~~~~~~~~~[0m
[7m141[0m       ref={ref}
[7m   [0m [91m~~~~~~~~~~~~~~~[0m
[7m...[0m 
[7m149[0m       shadow-mapSize-height={1024}
[7m   [0m [91m~~~~~~~~~~~~~~~~~~~~~~~~~~~~~~~~~~[0m
[7m150[0m     />
[7m   [0m [91m~~~~~~[0m

[96msrc/nfl/team-switcher.tsx[0m:[93m4[0m:[93m22[0m - [91merror[0m[90m TS2307: [0mCannot find module '../../tokens/nfl-teams.json' or its corresponding type declarations.

[7m4[0m import nflTeams from '../../tokens/nfl-teams.json'
[7m [0m [91m                     ~~~~~~~~~~~~~~~~~~~~~~~~~~~~~[0m

[96msrc/what-if-tool.tsx[0m:[93m4[0m:[93m10[0m - [91merror[0m[90m TS2305: [0mModule '"./cards"' has no exported member 'Card'.

[7m4[0m import { Card, CardContent, CardDescription, CardHeader, CardTitle } from './cards'
[7m [0m [91m         ~~~~[0m

[96msrc/what-if-tool.tsx[0m:[93m4[0m:[93m16[0m - [91merror[0m[90m TS2305: [0mModule '"./cards"' has no exported member 'CardContent'.

[7m4[0m import { Card, CardContent, CardDescription, CardHeader, CardTitle } from './cards'
[7m [0m [91m               ~~~~~~~~~~~[0m

[96msrc/what-if-tool.tsx[0m:[93m4[0m:[93m29[0m - [91merror[0m[90m TS2305: [0mModule '"./cards"' has no exported member 'CardDescription'.

[7m4[0m import { Card, CardContent, CardDescription, CardHeader, CardTitle } from './cards'
[7m [0m [91m                            ~~~~~~~~~~~~~~~[0m

[96msrc/what-if-tool.tsx[0m:[93m4[0m:[93m46[0m - [91merror[0m[90m TS2305: [0mModule '"./cards"' has no exported member 'CardHeader'.

[7m4[0m import { Card, CardContent, CardDescription, CardHeader, CardTitle } from './cards'
[7m [0m [91m                                             ~~~~~~~~~~[0m

[96msrc/what-if-tool.tsx[0m:[93m4[0m:[93m58[0m - [91merror[0m[90m TS2305: [0mModule '"./cards"' has no exported member 'CardTitle'.

[7m4[0m import { Card, CardContent, CardDescription, CardHeader, CardTitle } from './cards'
[7m [0m [91m                                                         ~~~~~~~~~[0m

[96msrc/what-if-tool.tsx[0m:[93m5[0m:[93m45[0m - [91merror[0m[90m TS2307: [0mCannot find module '@edgeloop/ml' or its corresponding type declarations.

[7m5[0m import { calculateEV, calculateKelly } from '@edgeloop/ml'
[7m [0m [91m                                            ~~~~~~~~~~~~~~[0m


Found 85 errors in 8 files.

Errors  Files
     6  src/backtesting-ui.tsx[90m:4[0m
     6  src/bet-slip.tsx[90m:4[0m
     3  src/index.ts[90m:38[0m
    35  src/nfl/drive-timeline.tsx[90m:4[0m
    17  src/nfl/reflective-card.tsx[90m:4[0m
    11  src/nfl/stadium-lights.tsx[90m:4[0m
     1  src/nfl/team-switcher.tsx[90m:4[0m
     6  src/what-if-tool.tsx[90m:4[0m
[41m[30m ELIFECYCLE [39m[49m [31mCommand failed with exit code 2.[39m
